
--- /var/log ---
Примеры содержимого (ls -la /var/log/):
  auth.log        - журнал аутентификации (входы, sudo, пароли)
  bootstrap.log   - лог установки системы
  btmp            - журнал неудачных попыток входа

Предположение о назначении:
  Каталог для хранения системных логов и журналов событий.
  Используется для аудита безопасности и диагностики проблем.

--- /bin ---
Примеры содержимого (ls -la /bin/):
  who       - показывает, кто сейчас в системе
  whoami    - выводит имя текущего пользователя
  wifi-status - утилита статуса Wi-Fi

Предположение о назначении:
  Хранит основные исполняемые файлы (бинарники) - команды,
  доступные всем пользователям для работы с системой.

--- /etc ---
Примеры содержимого (ls -la /etc/):
  sysstat/   - настройки сбора статистики системы
  systemd/   - конфигурация системных служб и демонов
  terminfo/  - описания типов терминалов

Предположение о назначении:
  Центральный каталог конфигурационных файлов системы.
  Здесь хранятся настройки программ, служб и параметров ОС.

--- /dev ---
Примеры содержимого (ls -la /dev/):
  loop0, loop1, loop2 - виртуальные блочные устройства для образов дисков

Предположение о назначении:
  Содержит специальные файлы устройств. Через них ядро и программы
  взаимодействуют с оборудованием: дисками, портами, памятью.

--- /home ---
Примеры содержимого (ls -la /home/):
  student/ - домашняя директория пользователя student

Предположение о назначении:
  Хранит персональные данные пользователей. Каждый пользователь
  имеет свою папку для файлов, настроек и рабочей среды.

--- /tmp ---
Примеры содержимого (ls -la /tmp/):
  .ICE-unix/              - сокеты графической сессии
  snap-private-tmp/       - временные файлы snap-пакетов
  systemd-private-.../    - изолированные временные данные служб

Предположение о назначении:
  Каталог для временных файлов, создаваемых программами.
  Очищается при перезагрузке системы.
